[debug] [2025-10-24T18:48:14.467Z] ----------------------------------------------------------------------
[debug] [2025-10-24T18:48:14.468Z] Command:       /usr/local/bin/firebase /home/tarek/.cache/firebase/tools/lib/node_modules/firebase-tools/lib/bin/firebase init
[debug] [2025-10-24T18:48:14.469Z] CLI Version:   14.19.1
[debug] [2025-10-24T18:48:14.469Z] Platform:      linux
[debug] [2025-10-24T18:48:14.469Z] Node Version:  v20.18.2
[debug] [2025-10-24T18:48:14.469Z] Time:          Fri Oct 24 2025 21:48:14 GMT+0300 (Eastern European Summer Time)
[debug] [2025-10-24T18:48:14.469Z] ----------------------------------------------------------------------
[debug] 
[debug] [2025-10-24T18:48:14.470Z] >>> [apiv2][query] GET https://firebase-public.firebaseio.com/cli.json [none]
[info] 
     ######## #### ########  ######## ########     ###     ######  ########
     ##        ##  ##     ## ##       ##     ##  ##   ##  ##       ##
     ######    ##  ########  ######   ########  #########  ######  ######
     ##        ##  ##    ##  ##       ##     ## ##     ##       ## ##
     ##       #### ##     ## ######## ########  ##     ##  ######  ########

You're about to initialize a Firebase project in this directory:

  /home/tarek/working/startups/nxora

[debug] [2025-10-24T18:48:15.700Z] <<< [apiv2][status] GET https://firebase-public.firebaseio.com/cli.json 200
[debug] [2025-10-24T18:48:15.701Z] <<< [apiv2][body] GET https://firebase-public.firebaseio.com/cli.json {"cloudBuildErrorAfter":1594252800000,"cloudBuildWarnAfter":1590019200000,"defaultNode10After":1594252800000,"minVersion":"3.0.5","node8DeploysDisabledAfter":1613390400000,"node8RuntimeDisabledAfter":1615809600000,"node8WarnAfter":1600128000000}
[info] 
=== Project Setup
[info] 
[info] First, let's associate this project directory with a Firebase project.
[info] You can create multiple project aliases by running firebase use --add, 
[info] 
[debug] [2025-10-24T18:48:41.664Z] > command requires scopes: ["email","openid","https://www.googleapis.com/auth/cloudplatformprojects.readonly","https://www.googleapis.com/auth/firebase","https://www.googleapis.com/auth/cloud-platform"]
[debug] [2025-10-24T18:48:41.665Z] > authorizing via signed-in user (tarekzeyad31@gmail.com)
[debug] [2025-10-24T18:48:41.667Z] Checked if tokens are valid: false, expires at: 1760319480123
[debug] [2025-10-24T18:48:41.667Z] Checked if tokens are valid: false, expires at: 1760319480123
[debug] [2025-10-24T18:48:41.667Z] > refreshing access token with scopes: []
[debug] [2025-10-24T18:48:41.670Z] >>> [apiv2][query] POST https://www.googleapis.com/oauth2/v3/token [none]
[debug] [2025-10-24T18:48:41.670Z] >>> [apiv2][body] POST https://www.googleapis.com/oauth2/v3/token [omitted]
[debug] [2025-10-24T18:48:44.908Z] <<< [apiv2][status] POST https://www.googleapis.com/oauth2/v3/token 200
[debug] [2025-10-24T18:48:44.909Z] <<< [apiv2][body] POST https://www.googleapis.com/oauth2/v3/token [omitted]
[debug] [2025-10-24T18:48:44.920Z] >>> [apiv2][query] GET https://firebase.googleapis.com/v1beta1/projects pageSize=100
[debug] [2025-10-24T18:48:46.453Z] <<< [apiv2][status] GET https://firebase.googleapis.com/v1beta1/projects 200
[debug] [2025-10-24T18:48:46.453Z] <<< [apiv2][body] GET https://firebase.googleapis.com/v1beta1/projects [omitted]
[info] 
=== App Hosting Setup
[debug] [2025-10-24T18:48:47.186Z] Checked if tokens are valid: true, expires at: 1761335323909
[debug] [2025-10-24T18:48:47.186Z] Checked if tokens are valid: true, expires at: 1761335323909
[debug] [2025-10-24T18:48:47.187Z] >>> [apiv2][query] GET https://cloudbilling.googleapis.com/v1/projects/in-service-1d030/billingInfo [none]
[debug] [2025-10-24T18:48:49.247Z] <<< [apiv2][status] GET https://cloudbilling.googleapis.com/v1/projects/in-service-1d030/billingInfo 200
[debug] [2025-10-24T18:48:49.248Z] <<< [apiv2][body] GET https://cloudbilling.googleapis.com/v1/projects/in-service-1d030/billingInfo {"name":"projects/in-service-1d030/billingInfo","projectId":"in-service-1d030","billingAccountName":"billingAccounts/0187B2-224DC2-35E098","billingEnabled":true}
[debug] [2025-10-24T18:48:49.249Z] Checked if tokens are valid: true, expires at: 1761335323909
[debug] [2025-10-24T18:48:49.249Z] Checked if tokens are valid: true, expires at: 1761335323909
[debug] [2025-10-24T18:48:49.250Z] >>> [apiv2][query] GET https://serviceusage.googleapis.com/v1/projects/in-service-1d030/services/firebaseapphosting.googleapis.com [none]
[debug] [2025-10-24T18:48:49.250Z] >>> [apiv2][(partial)header] GET https://serviceusage.googleapis.com/v1/projects/in-service-1d030/services/firebaseapphosting.googleapis.com x-goog-quota-user=projects/in-service-1d030
[debug] [2025-10-24T18:48:53.371Z] ----------------------------------------------------------------------
[debug] [2025-10-24T18:48:53.372Z] Command:       /usr/local/bin/firebase /home/tarek/.cache/firebase/tools/lib/node_modules/firebase-tools/lib/bin/firebase init
[debug] [2025-10-24T18:48:53.372Z] CLI Version:   14.19.1
[debug] [2025-10-24T18:48:53.372Z] Platform:      linux
[debug] [2025-10-24T18:48:53.372Z] Node Version:  v20.18.2
[debug] [2025-10-24T18:48:53.373Z] Time:          Fri Oct 24 2025 21:48:53 GMT+0300 (Eastern European Summer Time)
[debug] [2025-10-24T18:48:53.373Z] ----------------------------------------------------------------------
[debug] 
[info] 
     ######## #### ########  ######## ########     ###     ######  ########
     ##        ##  ##     ## ##       ##     ##  ##   ##  ##       ##
     ######    ##  ########  ######   ########  #########  ######  ######
     ##        ##  ##    ##  ##       ##     ## ##     ##       ## ##
     ##       #### ##     ## ######## ########  ##     ##  ######  ########

You're about to initialize a Firebase project in this directory:

  /home/tarek/working/startups/nxora

[info] 
=== Project Setup
[info] 
[info] First, let's associate this project directory with a Firebase project.
[info] You can create multiple project aliases by running firebase use --add, 
[info] 
[debug] [2025-10-24T18:48:56.149Z] > command requires scopes: ["email","openid","https://www.googleapis.com/auth/cloudplatformprojects.readonly","https://www.googleapis.com/auth/firebase","https://www.googleapis.com/auth/cloud-platform"]
[debug] [2025-10-24T18:48:56.150Z] > authorizing via signed-in user (tarekzeyad31@gmail.com)
[debug] [2025-10-24T18:48:56.152Z] Checked if tokens are valid: true, expires at: 1761335323909
[debug] [2025-10-24T18:48:56.152Z] Checked if tokens are valid: true, expires at: 1761335323909
[debug] [2025-10-24T18:48:56.154Z] >>> [apiv2][query] GET https://firebase.googleapis.com/v1beta1/projects/in-service-1d030 [none]
[debug] [2025-10-24T18:48:57.109Z] <<< [apiv2][status] GET https://firebase.googleapis.com/v1beta1/projects/in-service-1d030 200
[debug] [2025-10-24T18:48:57.110Z] <<< [apiv2][body] GET https://firebase.googleapis.com/v1beta1/projects/in-service-1d030 {"projectId":"in-service-1d030","projectNumber":"113688836597","displayName":"In Service","name":"projects/in-service-1d030","resources":{"hostingSite":"in-service-1d030"},"state":"ACTIVE","etag":"1_7962aada-78b3-428d-a292-36221e487a98"}
[info] i  Using project in-service-1d030 (In Service) . 
[info] 
=== App Hosting Setup
[debug] [2025-10-24T18:48:57.445Z] Checked if tokens are valid: true, expires at: 1761335323909
[debug] [2025-10-24T18:48:57.445Z] Checked if tokens are valid: true, expires at: 1761335323909
[debug] [2025-10-24T18:48:57.446Z] >>> [apiv2][query] GET https://cloudbilling.googleapis.com/v1/projects/in-service-1d030/billingInfo [none]
[debug] [2025-10-24T18:48:59.189Z] <<< [apiv2][status] GET https://cloudbilling.googleapis.com/v1/projects/in-service-1d030/billingInfo 200
[debug] [2025-10-24T18:48:59.189Z] <<< [apiv2][body] GET https://cloudbilling.googleapis.com/v1/projects/in-service-1d030/billingInfo {"name":"projects/in-service-1d030/billingInfo","projectId":"in-service-1d030","billingAccountName":"billingAccounts/0187B2-224DC2-35E098","billingEnabled":true}
[debug] [2025-10-24T18:48:59.190Z] Checked if tokens are valid: true, expires at: 1761335323909
[debug] [2025-10-24T18:48:59.191Z] Checked if tokens are valid: true, expires at: 1761335323909
[debug] [2025-10-24T18:48:59.191Z] >>> [apiv2][query] GET https://serviceusage.googleapis.com/v1/projects/in-service-1d030/services/firebaseapphosting.googleapis.com [none]
[debug] [2025-10-24T18:48:59.191Z] >>> [apiv2][(partial)header] GET https://serviceusage.googleapis.com/v1/projects/in-service-1d030/services/firebaseapphosting.googleapis.com x-goog-quota-user=projects/in-service-1d030
[debug] [2025-10-24T18:49:01.136Z] <<< [apiv2][status] GET https://serviceusage.googleapis.com/v1/projects/in-service-1d030/services/firebaseapphosting.googleapis.com 200
[debug] [2025-10-24T18:49:01.137Z] <<< [apiv2][body] GET https://serviceusage.googleapis.com/v1/projects/in-service-1d030/services/firebaseapphosting.googleapis.com [omitted]
[debug] [2025-10-24T18:49:01.143Z] Checked if tokens are valid: true, expires at: 1761335323909
[debug] [2025-10-24T18:49:01.143Z] Checked if tokens are valid: true, expires at: 1761335323909
[debug] [2025-10-24T18:49:01.144Z] Checked if tokens are valid: true, expires at: 1761335323909
[debug] [2025-10-24T18:49:01.144Z] Checked if tokens are valid: true, expires at: 1761335323909
[debug] [2025-10-24T18:49:01.144Z] Checked if tokens are valid: true, expires at: 1761335323909
[debug] [2025-10-24T18:49:01.144Z] Checked if tokens are valid: true, expires at: 1761335323909
[debug] [2025-10-24T18:49:01.145Z] Checked if tokens are valid: true, expires at: 1761335323909
[debug] [2025-10-24T18:49:01.145Z] Checked if tokens are valid: true, expires at: 1761335323909
[debug] [2025-10-24T18:49:01.145Z] Checked if tokens are valid: true, expires at: 1761335323909
[debug] [2025-10-24T18:49:01.145Z] Checked if tokens are valid: true, expires at: 1761335323909
[debug] [2025-10-24T18:49:01.145Z] Checked if tokens are valid: true, expires at: 1761335323909
[debug] [2025-10-24T18:49:01.145Z] Checked if tokens are valid: true, expires at: 1761335323909
[debug] [2025-10-24T18:49:01.146Z] >>> [apiv2][query] GET https://serviceusage.googleapis.com/v1/projects/in-service-1d030/services/developerconnect.googleapis.com [none]
[debug] [2025-10-24T18:49:01.146Z] >>> [apiv2][(partial)header] GET https://serviceusage.googleapis.com/v1/projects/in-service-1d030/services/developerconnect.googleapis.com x-goog-quota-user=projects/in-service-1d030
[debug] [2025-10-24T18:49:01.147Z] >>> [apiv2][query] GET https://serviceusage.googleapis.com/v1/projects/in-service-1d030/services/cloudbuild.googleapis.com [none]
[debug] [2025-10-24T18:49:01.147Z] >>> [apiv2][(partial)header] GET https://serviceusage.googleapis.com/v1/projects/in-service-1d030/services/cloudbuild.googleapis.com x-goog-quota-user=projects/in-service-1d030
[debug] [2025-10-24T18:49:01.149Z] >>> [apiv2][query] GET https://serviceusage.googleapis.com/v1/projects/in-service-1d030/services/secretmanager.googleapis.com [none]
[debug] [2025-10-24T18:49:01.149Z] >>> [apiv2][(partial)header] GET https://serviceusage.googleapis.com/v1/projects/in-service-1d030/services/secretmanager.googleapis.com x-goog-quota-user=projects/in-service-1d030
[debug] [2025-10-24T18:49:01.151Z] >>> [apiv2][query] GET https://serviceusage.googleapis.com/v1/projects/in-service-1d030/services/run.googleapis.com [none]
[debug] [2025-10-24T18:49:01.151Z] >>> [apiv2][(partial)header] GET https://serviceusage.googleapis.com/v1/projects/in-service-1d030/services/run.googleapis.com x-goog-quota-user=projects/in-service-1d030
[debug] [2025-10-24T18:49:01.152Z] >>> [apiv2][query] GET https://serviceusage.googleapis.com/v1/projects/in-service-1d030/services/artifactregistry.googleapis.com [none]
[debug] [2025-10-24T18:49:01.152Z] >>> [apiv2][(partial)header] GET https://serviceusage.googleapis.com/v1/projects/in-service-1d030/services/artifactregistry.googleapis.com x-goog-quota-user=projects/in-service-1d030
[debug] [2025-10-24T18:49:01.154Z] >>> [apiv2][query] GET https://serviceusage.googleapis.com/v1/projects/in-service-1d030/services/iam.googleapis.com [none]
[debug] [2025-10-24T18:49:01.154Z] >>> [apiv2][(partial)header] GET https://serviceusage.googleapis.com/v1/projects/in-service-1d030/services/iam.googleapis.com x-goog-quota-user=projects/in-service-1d030
[debug] [2025-10-24T18:49:02.366Z] <<< [apiv2][status] GET https://serviceusage.googleapis.com/v1/projects/in-service-1d030/services/developerconnect.googleapis.com 200
[debug] [2025-10-24T18:49:02.367Z] <<< [apiv2][body] GET https://serviceusage.googleapis.com/v1/projects/in-service-1d030/services/developerconnect.googleapis.com [omitted]
[debug] [2025-10-24T18:49:02.595Z] <<< [apiv2][status] GET https://serviceusage.googleapis.com/v1/projects/in-service-1d030/services/secretmanager.googleapis.com 200
[debug] [2025-10-24T18:49:02.595Z] <<< [apiv2][body] GET https://serviceusage.googleapis.com/v1/projects/in-service-1d030/services/secretmanager.googleapis.com [omitted]
[debug] [2025-10-24T18:49:02.605Z] <<< [apiv2][status] GET https://serviceusage.googleapis.com/v1/projects/in-service-1d030/services/cloudbuild.googleapis.com 200
[debug] [2025-10-24T18:49:02.606Z] <<< [apiv2][body] GET https://serviceusage.googleapis.com/v1/projects/in-service-1d030/services/cloudbuild.googleapis.com [omitted]
[debug] [2025-10-24T18:49:02.641Z] <<< [apiv2][status] GET https://serviceusage.googleapis.com/v1/projects/in-service-1d030/services/iam.googleapis.com 200
[debug] [2025-10-24T18:49:02.641Z] <<< [apiv2][body] GET https://serviceusage.googleapis.com/v1/projects/in-service-1d030/services/iam.googleapis.com [omitted]
[debug] [2025-10-24T18:49:02.665Z] <<< [apiv2][status] GET https://serviceusage.googleapis.com/v1/projects/in-service-1d030/services/run.googleapis.com 200
[debug] [2025-10-24T18:49:02.666Z] <<< [apiv2][body] GET https://serviceusage.googleapis.com/v1/projects/in-service-1d030/services/run.googleapis.com [omitted]
[debug] [2025-10-24T18:49:03.203Z] <<< [apiv2][status] GET https://serviceusage.googleapis.com/v1/projects/in-service-1d030/services/artifactregistry.googleapis.com 200
[debug] [2025-10-24T18:49:03.203Z] <<< [apiv2][body] GET https://serviceusage.googleapis.com/v1/projects/in-service-1d030/services/artifactregistry.googleapis.com [omitted]
[debug] [2025-10-24T18:49:03.211Z] Checked if tokens are valid: true, expires at: 1761335323909
[debug] [2025-10-24T18:49:03.212Z] Checked if tokens are valid: true, expires at: 1761335323909
[debug] [2025-10-24T18:49:03.212Z] >>> [apiv2][query] POST https://iam.googleapis.com/v1/projects/in-service-1d030/serviceAccounts/firebase-app-hosting-compute@in-service-1d030.iam.gserviceaccount.com:testIamPermissions [none]
[debug] [2025-10-24T18:49:03.212Z] >>> [apiv2][(partial)header] POST https://iam.googleapis.com/v1/projects/in-service-1d030/serviceAccounts/firebase-app-hosting-compute@in-service-1d030.iam.gserviceaccount.com:testIamPermissions x-goog-quota-user=projects/in-service-1d030
[debug] [2025-10-24T18:49:03.212Z] >>> [apiv2][body] POST https://iam.googleapis.com/v1/projects/in-service-1d030/serviceAccounts/firebase-app-hosting-compute@in-service-1d030.iam.gserviceaccount.com:testIamPermissions {"permissions":["iam.serviceAccounts.actAs"]}
[debug] [2025-10-24T18:49:04.971Z] <<< [apiv2][status] POST https://iam.googleapis.com/v1/projects/in-service-1d030/serviceAccounts/firebase-app-hosting-compute@in-service-1d030.iam.gserviceaccount.com:testIamPermissions 200
[debug] [2025-10-24T18:49:04.971Z] <<< [apiv2][body] POST https://iam.googleapis.com/v1/projects/in-service-1d030/serviceAccounts/firebase-app-hosting-compute@in-service-1d030.iam.gserviceaccount.com:testIamPermissions {"permissions":["iam.serviceAccounts.actAs"]}
[debug] [2025-10-24T18:49:04.972Z] Checked if tokens are valid: true, expires at: 1761335323909
[debug] [2025-10-24T18:49:04.972Z] Checked if tokens are valid: true, expires at: 1761335323909
[debug] [2025-10-24T18:49:04.972Z] >>> [apiv2][query] POST https://iam.googleapis.com/v1/projects/in-service-1d030/serviceAccounts [none]
[debug] [2025-10-24T18:49:04.972Z] >>> [apiv2][body] POST https://iam.googleapis.com/v1/projects/in-service-1d030/serviceAccounts {"accountId":"firebase-app-hosting-compute","serviceAccount":{"displayName":"Firebase App Hosting compute service account","description":"Default service account used to run builds and deploys for Firebase App Hosting"}}
[debug] [2025-10-24T18:49:06.092Z] <<< [apiv2][status] POST https://iam.googleapis.com/v1/projects/in-service-1d030/serviceAccounts 409
[debug] [2025-10-24T18:49:06.092Z] <<< [apiv2][body] POST https://iam.googleapis.com/v1/projects/in-service-1d030/serviceAccounts [omitted]
[debug] [2025-10-24T18:49:06.094Z] Checked if tokens are valid: true, expires at: 1761335323909
[debug] [2025-10-24T18:49:06.095Z] Checked if tokens are valid: true, expires at: 1761335323909
[debug] [2025-10-24T18:49:06.095Z] >>> [apiv2][query] POST https://cloudresourcemanager.googleapis.com/v1/projects/in-service-1d030:getIamPolicy [none]
[debug] [2025-10-24T18:49:07.387Z] <<< [apiv2][status] POST https://cloudresourcemanager.googleapis.com/v1/projects/in-service-1d030:getIamPolicy 200
[debug] [2025-10-24T18:49:07.388Z] <<< [apiv2][body] POST https://cloudresourcemanager.googleapis.com/v1/projects/in-service-1d030:getIamPolicy {"version":1,"etag":"BwZA/spDBtM=","bindings":[{"role":"roles/cloudbuild.builds.builder","members":["serviceAccount:113688836597@cloudbuild.gserviceaccount.com"]},{"role":"roles/cloudbuild.serviceAgent","members":["serviceAccount:service-113688836597@gcp-sa-cloudbuild.iam.gserviceaccount.com"]},{"role":"roles/containerregistry.ServiceAgent","members":["serviceAccount:service-113688836597@containerregistry.iam.gserviceaccount.com"]},{"role":"roles/developerconnect.readTokenAccessor","members":["serviceAccount:firebase-app-hosting-compute@in-service-1d030.iam.gserviceaccount.com"]},{"role":"roles/editor","members":["serviceAccount:113688836597-compute@developer.gserviceaccount.com","user:SeifElfayoumy@gmail.com","user:abolhasan916@gmail.com","user:youssefashraf246@gmail.com"]},{"role":"roles/firebase.managementServiceAgent","members":["serviceAccount:service-113688836597@gcp-sa-firebase.iam.gserviceaccount.com"]},{"role":"roles/firebase.sdkAdmnxoraAgent","members":["serviceAccount:firebase-adminsdk-fbsvc@in-service-1d030.iam.gserviceaccount.com","serviceAccount:firebase-app-hosting-compute@in-service-1d030.iam.gserviceaccount.com"]},{"role":"roles/firebaseapphosting.computeRunner","members":["serviceAccount:firebase-app-hosting-compute@in-service-1d030.iam.gserviceaccount.com"]},{"role":"roles/firebaseapphosting.serviceAgent","members":["serviceAccount:service-113688836597@gcp-sa-firebaseapphosting.iam.gserviceaccount.com"]},{"role":"roles/firebaseauth.admin","members":["serviceAccount:firebase-adminsdk-fbsvc@in-service-1d030.iam.gserviceaccount.com"]},{"role":"roles/firebaserules.system","members":["serviceAccount:service-113688836597@firebase-rules.iam.gserviceaccount.com"]},{"role":"roles/firebasestorage.serviceAgent","members":["serviceAccount:service-113688836597@gcp-sa-firebasestorage.iam.gserviceaccount.com"]},{"role":"roles/firestore.serviceAgent","members":["serviceAccount:service-113688836597@gcp-sa-firestore.iam.gserviceaccount.com"]},{"role":"roles/iam.serviceAccountTokenCreator","members":["serviceAccount:firebase-adminsdk-fbsvc@in-service-1d030.iam.gserviceaccount.com"]},{"role":"roles/owner","members":["user:tarekzeyad31@gmail.com"]},{"role":"roles/run.serviceAgent","members":["serviceAccount:service-113688836597@serverless-robot-prod.iam.gserviceaccount.com"]},{"role":"roles/storage.admin","members":["serviceAccount:firebase-adminsdk-fbsvc@in-service-1d030.iam.gserviceaccount.com"]},{"role":"roles/storage.objectViewer","members":["serviceAccount:firebase-app-hosting-compute@in-service-1d030.iam.gserviceaccount.com"]}]}
[debug] [2025-10-24T18:49:07.389Z] Checked if tokens are valid: true, expires at: 1761335323909
[debug] [2025-10-24T18:49:07.389Z] Checked if tokens are valid: true, expires at: 1761335323909
[debug] [2025-10-24T18:49:07.389Z] >>> [apiv2][query] POST https://cloudresourcemanager.googleapis.com/v1/projects/in-service-1d030:setIamPolicy [none]
[debug] [2025-10-24T18:49:07.390Z] >>> [apiv2][body] POST https://cloudresourcemanager.googleapis.com/v1/projects/in-service-1d030:setIamPolicy {"policy":{"version":1,"etag":"BwZA/spDBtM=","bindings":[{"role":"roles/cloudbuild.builds.builder","members":["serviceAccount:113688836597@cloudbuild.gserviceaccount.com"]},{"role":"roles/cloudbuild.serviceAgent","members":["serviceAccount:service-113688836597@gcp-sa-cloudbuild.iam.gserviceaccount.com"]},{"role":"roles/containerregistry.ServiceAgent","members":["serviceAccount:service-113688836597@containerregistry.iam.gserviceaccount.com"]},{"role":"roles/developerconnect.readTokenAccessor","members":["serviceAccount:firebase-app-hosting-compute@in-service-1d030.iam.gserviceaccount.com"]},{"role":"roles/editor","members":["serviceAccount:113688836597-compute@developer.gserviceaccount.com","user:SeifElfayoumy@gmail.com","user:abolhasan916@gmail.com","user:youssefashraf246@gmail.com"]},{"role":"roles/firebase.managementServiceAgent","members":["serviceAccount:service-113688836597@gcp-sa-firebase.iam.gserviceaccount.com"]},{"role":"roles/firebase.sdkAdmnxoraAgent","members":["serviceAccount:firebase-adminsdk-fbsvc@in-service-1d030.iam.gserviceaccount.com","serviceAccount:firebase-app-hosting-compute@in-service-1d030.iam.gserviceaccount.com"]},{"role":"roles/firebaseapphosting.computeRunner","members":["serviceAccount:firebase-app-hosting-compute@in-service-1d030.iam.gserviceaccount.com"]},{"role":"roles/firebaseapphosting.serviceAgent","members":["serviceAccount:service-113688836597@gcp-sa-firebaseapphosting.iam.gserviceaccount.com"]},{"role":"roles/firebaseauth.admin","members":["serviceAccount:firebase-adminsdk-fbsvc@in-service-1d030.iam.gserviceaccount.com"]},{"role":"roles/firebaserules.system","members":["serviceAccount:service-113688836597@firebase-rules.iam.gserviceaccount.com"]},{"role":"roles/firebasestorage.serviceAgent","members":["serviceAccount:service-113688836597@gcp-sa-firebasestorage.iam.gserviceaccount.com"]},{"role":"roles/firestore.serviceAgent","members":["serviceAccount:service-113688836597@gcp-sa-firestore.iam.gserviceaccount.com"]},{"role":"roles/iam.serviceAccountTokenCreator","members":["serviceAccount:firebase-adminsdk-fbsvc@in-service-1d030.iam.gserviceaccount.com"]},{"role":"roles/owner","members":["user:tarekzeyad31@gmail.com"]},{"role":"roles/run.serviceAgent","members":["serviceAccount:service-113688836597@serverless-robot-prod.iam.gserviceaccount.com"]},{"role":"roles/storage.admin","members":["serviceAccount:firebase-adminsdk-fbsvc@in-service-1d030.iam.gserviceaccount.com"]},{"role":"roles/storage.objectViewer","members":["serviceAccount:firebase-app-hosting-compute@in-service-1d030.iam.gserviceaccount.com"]}]},"updateMask":"bindings"}
[debug] [2025-10-24T18:49:08.571Z] <<< [apiv2][status] POST https://cloudresourcemanager.googleapis.com/v1/projects/in-service-1d030:setIamPolicy 200
[debug] [2025-10-24T18:49:08.571Z] <<< [apiv2][body] POST https://cloudresourcemanager.googleapis.com/v1/projects/in-service-1d030:setIamPolicy {"version":1,"etag":"BwZB7AEx+Cc=","bindings":[{"role":"roles/cloudbuild.builds.builder","members":["serviceAccount:113688836597@cloudbuild.gserviceaccount.com"]},{"role":"roles/cloudbuild.serviceAgent","members":["serviceAccount:service-113688836597@gcp-sa-cloudbuild.iam.gserviceaccount.com"]},{"role":"roles/containerregistry.ServiceAgent","members":["serviceAccount:service-113688836597@containerregistry.iam.gserviceaccount.com"]},{"role":"roles/developerconnect.readTokenAccessor","members":["serviceAccount:firebase-app-hosting-compute@in-service-1d030.iam.gserviceaccount.com"]},{"role":"roles/editor","members":["serviceAccount:113688836597-compute@developer.gserviceaccount.com","user:SeifElfayoumy@gmail.com","user:abolhasan916@gmail.com","user:youssefashraf246@gmail.com"]},{"role":"roles/firebase.managementServiceAgent","members":["serviceAccount:service-113688836597@gcp-sa-firebase.iam.gserviceaccount.com"]},{"role":"roles/firebase.sdkAdmnxoraAgent","members":["serviceAccount:firebase-adminsdk-fbsvc@in-service-1d030.iam.gserviceaccount.com","serviceAccount:firebase-app-hosting-compute@in-service-1d030.iam.gserviceaccount.com"]},{"role":"roles/firebaseapphosting.computeRunner","members":["serviceAccount:firebase-app-hosting-compute@in-service-1d030.iam.gserviceaccount.com"]},{"role":"roles/firebaseapphosting.serviceAgent","members":["serviceAccount:service-113688836597@gcp-sa-firebaseapphosting.iam.gserviceaccount.com"]},{"role":"roles/firebaseauth.admin","members":["serviceAccount:firebase-adminsdk-fbsvc@in-service-1d030.iam.gserviceaccount.com"]},{"role":"roles/firebaserules.system","members":["serviceAccount:service-113688836597@firebase-rules.iam.gserviceaccount.com"]},{"role":"roles/firebasestorage.serviceAgent","members":["serviceAccount:service-113688836597@gcp-sa-firebasestorage.iam.gserviceaccount.com"]},{"role":"roles/firestore.serviceAgent","members":["serviceAccount:service-113688836597@gcp-sa-firestore.iam.gserviceaccount.com"]},{"role":"roles/iam.serviceAccountTokenCreator","members":["serviceAccount:firebase-adminsdk-fbsvc@in-service-1d030.iam.gserviceaccount.com"]},{"role":"roles/owner","members":["user:tarekzeyad31@gmail.com"]},{"role":"roles/run.serviceAgent","members":["serviceAccount:service-113688836597@serverless-robot-prod.iam.gserviceaccount.com"]},{"role":"roles/storage.admin","members":["serviceAccount:firebase-adminsdk-fbsvc@in-service-1d030.iam.gserviceaccount.com"]},{"role":"roles/storage.objectViewer","members":["serviceAccount:firebase-app-hosting-compute@in-service-1d030.iam.gserviceaccount.com"]}]}
[info] i  This command links your local project to Firebase App Hosting. You will be able to deploy your web app with `firebase deploy` after setup. 
[debug] [2025-10-24T18:49:09.035Z] ExitPromptError: User force closed the prompt with SIGINT
    at Interface.sigint (/home/tarek/.cache/firebase/tools/lib/node_modules/@inquirer/core/dist/commonjs/lib/create-prompt.js:101:37)
    at Interface.emit (node:events:518:28)
    at Interface.emit (node:domain:489:12)
    at [_ttyWrite] [as _ttyWrite] (node:internal/readline/interface:1125:18)
    at ReadStream.onkeypress (node:internal/readline/interface:264:20)
    at ReadStream.emit (node:events:530:35)
    at ReadStream.emit (node:domain:489:12)
    at emitKeys (node:internal/readline/utils:371:14)
    at emitKeys.next (<anonymous>)
    at ReadStream.onData (node:internal/readline/emitKeypressEvents:64:36)
[error] 
[error] Error: An unexpected error has occurred.
[debug] [2025-10-24T18:49:29.781Z] ----------------------------------------------------------------------
[debug] [2025-10-24T18:49:29.782Z] Command:       /usr/local/bin/firebase /home/tarek/.cache/firebase/tools/lib/node_modules/firebase-tools/lib/bin/firebase init
[debug] [2025-10-24T18:49:29.783Z] CLI Version:   14.19.1
[debug] [2025-10-24T18:49:29.783Z] Platform:      linux
[debug] [2025-10-24T18:49:29.783Z] Node Version:  v20.18.2
[debug] [2025-10-24T18:49:29.783Z] Time:          Fri Oct 24 2025 21:49:29 GMT+0300 (Eastern European Summer Time)
[debug] [2025-10-24T18:49:29.783Z] ----------------------------------------------------------------------
[debug] 
[info] 
     ######## #### ########  ######## ########     ###     ######  ########
     ##        ##  ##     ## ##       ##     ##  ##   ##  ##       ##
     ######    ##  ########  ######   ########  #########  ######  ######
     ##        ##  ##    ##  ##       ##     ## ##     ##       ## ##
     ##       #### ##     ## ######## ########  ##     ##  ######  ########

You're about to initialize a Firebase project in this directory:

  /home/tarek/working/startups/nxora

[info] 
=== Project Setup
[info] 
[info] First, let's associate this project directory with a Firebase project.
[info] You can create multiple project aliases by running firebase use --add, 
[info] 
[debug] [2025-10-24T18:49:33.779Z] > command requires scopes: ["email","openid","https://www.googleapis.com/auth/cloudplatformprojects.readonly","https://www.googleapis.com/auth/firebase","https://www.googleapis.com/auth/cloud-platform"]
[debug] [2025-10-24T18:49:33.780Z] > authorizing via signed-in user (tarekzeyad31@gmail.com)
[debug] [2025-10-24T18:49:33.782Z] Checked if tokens are valid: true, expires at: 1761335323909
[debug] [2025-10-24T18:49:33.783Z] Checked if tokens are valid: true, expires at: 1761335323909
[debug] [2025-10-24T18:49:33.785Z] >>> [apiv2][query] GET https://firebase.googleapis.com/v1beta1/projects/in-service-1d030 [none]
[debug] [2025-10-24T18:49:35.275Z] <<< [apiv2][status] GET https://firebase.googleapis.com/v1beta1/projects/in-service-1d030 200
[debug] [2025-10-24T18:49:35.275Z] <<< [apiv2][body] GET https://firebase.googleapis.com/v1beta1/projects/in-service-1d030 {"projectId":"in-service-1d030","projectNumber":"113688836597","displayName":"In Service","name":"projects/in-service-1d030","resources":{"hostingSite":"in-service-1d030"},"state":"ACTIVE","etag":"1_7962aada-78b3-428d-a292-36221e487a98"}
[info] i  Using project in-service-1d030 (In Service) . 
[info] 
=== App Hosting Setup
[debug] [2025-10-24T18:49:36.090Z] Checked if tokens are valid: true, expires at: 1761335323909
[debug] [2025-10-24T18:49:36.091Z] Checked if tokens are valid: true, expires at: 1761335323909
[debug] [2025-10-24T18:49:36.091Z] >>> [apiv2][query] GET https://cloudbilling.googleapis.com/v1/projects/in-service-1d030/billingInfo [none]
[debug] [2025-10-24T18:49:36.897Z] <<< [apiv2][status] GET https://cloudbilling.googleapis.com/v1/projects/in-service-1d030/billingInfo 200
[debug] [2025-10-24T18:49:36.897Z] <<< [apiv2][body] GET https://cloudbilling.googleapis.com/v1/projects/in-service-1d030/billingInfo {"name":"projects/in-service-1d030/billingInfo","projectId":"in-service-1d030","billingAccountName":"billingAccounts/0187B2-224DC2-35E098","billingEnabled":true}
[debug] [2025-10-24T18:49:36.899Z] Checked if tokens are valid: true, expires at: 1761335323909
[debug] [2025-10-24T18:49:36.900Z] Checked if tokens are valid: true, expires at: 1761335323909
[debug] [2025-10-24T18:49:36.900Z] >>> [apiv2][query] POST https://iam.googleapis.com/v1/projects/in-service-1d030/serviceAccounts/firebase-app-hosting-compute@in-service-1d030.iam.gserviceaccount.com:testIamPermissions [none]
[debug] [2025-10-24T18:49:36.900Z] >>> [apiv2][(partial)header] POST https://iam.googleapis.com/v1/projects/in-service-1d030/serviceAccounts/firebase-app-hosting-compute@in-service-1d030.iam.gserviceaccount.com:testIamPermissions x-goog-quota-user=projects/in-service-1d030
[debug] [2025-10-24T18:49:36.900Z] >>> [apiv2][body] POST https://iam.googleapis.com/v1/projects/in-service-1d030/serviceAccounts/firebase-app-hosting-compute@in-service-1d030.iam.gserviceaccount.com:testIamPermissions {"permissions":["iam.serviceAccounts.actAs"]}
[debug] [2025-10-24T18:49:38.218Z] <<< [apiv2][status] POST https://iam.googleapis.com/v1/projects/in-service-1d030/serviceAccounts/firebase-app-hosting-compute@in-service-1d030.iam.gserviceaccount.com:testIamPermissions 200
[debug] [2025-10-24T18:49:38.219Z] <<< [apiv2][body] POST https://iam.googleapis.com/v1/projects/in-service-1d030/serviceAccounts/firebase-app-hosting-compute@in-service-1d030.iam.gserviceaccount.com:testIamPermissions {"permissions":["iam.serviceAccounts.actAs"]}
[debug] [2025-10-24T18:49:38.220Z] Checked if tokens are valid: true, expires at: 1761335323909
[debug] [2025-10-24T18:49:38.220Z] Checked if tokens are valid: true, expires at: 1761335323909
[debug] [2025-10-24T18:49:38.220Z] >>> [apiv2][query] POST https://iam.googleapis.com/v1/projects/in-service-1d030/serviceAccounts [none]
[debug] [2025-10-24T18:49:38.220Z] >>> [apiv2][body] POST https://iam.googleapis.com/v1/projects/in-service-1d030/serviceAccounts {"accountId":"firebase-app-hosting-compute","serviceAccount":{"displayName":"Firebase App Hosting compute service account","description":"Default service account used to run builds and deploys for Firebase App Hosting"}}
[debug] [2025-10-24T18:49:38.946Z] <<< [apiv2][status] POST https://iam.googleapis.com/v1/projects/in-service-1d030/serviceAccounts 409
[debug] [2025-10-24T18:49:38.946Z] <<< [apiv2][body] POST https://iam.googleapis.com/v1/projects/in-service-1d030/serviceAccounts [omitted]
[debug] [2025-10-24T18:49:38.947Z] Checked if tokens are valid: true, expires at: 1761335323909
[debug] [2025-10-24T18:49:38.948Z] Checked if tokens are valid: true, expires at: 1761335323909
[debug] [2025-10-24T18:49:38.948Z] >>> [apiv2][query] POST https://cloudresourcemanager.googleapis.com/v1/projects/in-service-1d030:getIamPolicy [none]
[debug] [2025-10-24T18:49:40.297Z] <<< [apiv2][status] POST https://cloudresourcemanager.googleapis.com/v1/projects/in-service-1d030:getIamPolicy 200
[debug] [2025-10-24T18:49:40.297Z] <<< [apiv2][body] POST https://cloudresourcemanager.googleapis.com/v1/projects/in-service-1d030:getIamPolicy {"version":1,"etag":"BwZB7AEx+Cc=","bindings":[{"role":"roles/cloudbuild.builds.builder","members":["serviceAccount:113688836597@cloudbuild.gserviceaccount.com"]},{"role":"roles/cloudbuild.serviceAgent","members":["serviceAccount:service-113688836597@gcp-sa-cloudbuild.iam.gserviceaccount.com"]},{"role":"roles/containerregistry.ServiceAgent","members":["serviceAccount:service-113688836597@containerregistry.iam.gserviceaccount.com"]},{"role":"roles/developerconnect.readTokenAccessor","members":["serviceAccount:firebase-app-hosting-compute@in-service-1d030.iam.gserviceaccount.com"]},{"role":"roles/editor","members":["serviceAccount:113688836597-compute@developer.gserviceaccount.com","user:SeifElfayoumy@gmail.com","user:abolhasan916@gmail.com","user:youssefashraf246@gmail.com"]},{"role":"roles/firebase.managementServiceAgent","members":["serviceAccount:service-113688836597@gcp-sa-firebase.iam.gserviceaccount.com"]},{"role":"roles/firebase.sdkAdmnxoraAgent","members":["serviceAccount:firebase-adminsdk-fbsvc@in-service-1d030.iam.gserviceaccount.com","serviceAccount:firebase-app-hosting-compute@in-service-1d030.iam.gserviceaccount.com"]},{"role":"roles/firebaseapphosting.computeRunner","members":["serviceAccount:firebase-app-hosting-compute@in-service-1d030.iam.gserviceaccount.com"]},{"role":"roles/firebaseapphosting.serviceAgent","members":["serviceAccount:service-113688836597@gcp-sa-firebaseapphosting.iam.gserviceaccount.com"]},{"role":"roles/firebaseauth.admin","members":["serviceAccount:firebase-adminsdk-fbsvc@in-service-1d030.iam.gserviceaccount.com"]},{"role":"roles/firebaserules.system","members":["serviceAccount:service-113688836597@firebase-rules.iam.gserviceaccount.com"]},{"role":"roles/firebasestorage.serviceAgent","members":["serviceAccount:service-113688836597@gcp-sa-firebasestorage.iam.gserviceaccount.com"]},{"role":"roles/firestore.serviceAgent","members":["serviceAccount:service-113688836597@gcp-sa-firestore.iam.gserviceaccount.com"]},{"role":"roles/iam.serviceAccountTokenCreator","members":["serviceAccount:firebase-adminsdk-fbsvc@in-service-1d030.iam.gserviceaccount.com"]},{"role":"roles/owner","members":["user:tarekzeyad31@gmail.com"]},{"role":"roles/run.serviceAgent","members":["serviceAccount:service-113688836597@serverless-robot-prod.iam.gserviceaccount.com"]},{"role":"roles/storage.admin","members":["serviceAccount:firebase-adminsdk-fbsvc@in-service-1d030.iam.gserviceaccount.com"]},{"role":"roles/storage.objectViewer","members":["serviceAccount:firebase-app-hosting-compute@in-service-1d030.iam.gserviceaccount.com"]}]}
[debug] [2025-10-24T18:49:40.298Z] Checked if tokens are valid: true, expires at: 1761335323909
[debug] [2025-10-24T18:49:40.298Z] Checked if tokens are valid: true, expires at: 1761335323909
[debug] [2025-10-24T18:49:40.298Z] >>> [apiv2][query] POST https://cloudresourcemanager.googleapis.com/v1/projects/in-service-1d030:setIamPolicy [none]
[debug] [2025-10-24T18:49:40.298Z] >>> [apiv2][body] POST https://cloudresourcemanager.googleapis.com/v1/projects/in-service-1d030:setIamPolicy {"policy":{"version":1,"etag":"BwZB7AEx+Cc=","bindings":[{"role":"roles/cloudbuild.builds.builder","members":["serviceAccount:113688836597@cloudbuild.gserviceaccount.com"]},{"role":"roles/cloudbuild.serviceAgent","members":["serviceAccount:service-113688836597@gcp-sa-cloudbuild.iam.gserviceaccount.com"]},{"role":"roles/containerregistry.ServiceAgent","members":["serviceAccount:service-113688836597@containerregistry.iam.gserviceaccount.com"]},{"role":"roles/developerconnect.readTokenAccessor","members":["serviceAccount:firebase-app-hosting-compute@in-service-1d030.iam.gserviceaccount.com"]},{"role":"roles/editor","members":["serviceAccount:113688836597-compute@developer.gserviceaccount.com","user:SeifElfayoumy@gmail.com","user:abolhasan916@gmail.com","user:youssefashraf246@gmail.com"]},{"role":"roles/firebase.managementServiceAgent","members":["serviceAccount:service-113688836597@gcp-sa-firebase.iam.gserviceaccount.com"]},{"role":"roles/firebase.sdkAdmnxoraAgent","members":["serviceAccount:firebase-adminsdk-fbsvc@in-service-1d030.iam.gserviceaccount.com","serviceAccount:firebase-app-hosting-compute@in-service-1d030.iam.gserviceaccount.com"]},{"role":"roles/firebaseapphosting.computeRunner","members":["serviceAccount:firebase-app-hosting-compute@in-service-1d030.iam.gserviceaccount.com"]},{"role":"roles/firebaseapphosting.serviceAgent","members":["serviceAccount:service-113688836597@gcp-sa-firebaseapphosting.iam.gserviceaccount.com"]},{"role":"roles/firebaseauth.admin","members":["serviceAccount:firebase-adminsdk-fbsvc@in-service-1d030.iam.gserviceaccount.com"]},{"role":"roles/firebaserules.system","members":["serviceAccount:service-113688836597@firebase-rules.iam.gserviceaccount.com"]},{"role":"roles/firebasestorage.serviceAgent","members":["serviceAccount:service-113688836597@gcp-sa-firebasestorage.iam.gserviceaccount.com"]},{"role":"roles/firestore.serviceAgent","members":["serviceAccount:service-113688836597@gcp-sa-firestore.iam.gserviceaccount.com"]},{"role":"roles/iam.serviceAccountTokenCreator","members":["serviceAccount:firebase-adminsdk-fbsvc@in-service-1d030.iam.gserviceaccount.com"]},{"role":"roles/owner","members":["user:tarekzeyad31@gmail.com"]},{"role":"roles/run.serviceAgent","members":["serviceAccount:service-113688836597@serverless-robot-prod.iam.gserviceaccount.com"]},{"role":"roles/storage.admin","members":["serviceAccount:firebase-adminsdk-fbsvc@in-service-1d030.iam.gserviceaccount.com"]},{"role":"roles/storage.objectViewer","members":["serviceAccount:firebase-app-hosting-compute@in-service-1d030.iam.gserviceaccount.com"]}]},"updateMask":"bindings"}
[debug] [2025-10-24T18:49:41.715Z] <<< [apiv2][status] POST https://cloudresourcemanager.googleapis.com/v1/projects/in-service-1d030:setIamPolicy 200
[debug] [2025-10-24T18:49:41.715Z] <<< [apiv2][body] POST https://cloudresourcemanager.googleapis.com/v1/projects/in-service-1d030:setIamPolicy {"version":1,"etag":"BwZB7AMqbHM=","bindings":[{"role":"roles/cloudbuild.builds.builder","members":["serviceAccount:113688836597@cloudbuild.gserviceaccount.com"]},{"role":"roles/cloudbuild.serviceAgent","members":["serviceAccount:service-113688836597@gcp-sa-cloudbuild.iam.gserviceaccount.com"]},{"role":"roles/containerregistry.ServiceAgent","members":["serviceAccount:service-113688836597@containerregistry.iam.gserviceaccount.com"]},{"role":"roles/developerconnect.readTokenAccessor","members":["serviceAccount:firebase-app-hosting-compute@in-service-1d030.iam.gserviceaccount.com"]},{"role":"roles/editor","members":["serviceAccount:113688836597-compute@developer.gserviceaccount.com","user:SeifElfayoumy@gmail.com","user:abolhasan916@gmail.com","user:youssefashraf246@gmail.com"]},{"role":"roles/firebase.managementServiceAgent","members":["serviceAccount:service-113688836597@gcp-sa-firebase.iam.gserviceaccount.com"]},{"role":"roles/firebase.sdkAdmnxoraAgent","members":["serviceAccount:firebase-adminsdk-fbsvc@in-service-1d030.iam.gserviceaccount.com","serviceAccount:firebase-app-hosting-compute@in-service-1d030.iam.gserviceaccount.com"]},{"role":"roles/firebaseapphosting.computeRunner","members":["serviceAccount:firebase-app-hosting-compute@in-service-1d030.iam.gserviceaccount.com"]},{"role":"roles/firebaseapphosting.serviceAgent","members":["serviceAccount:service-113688836597@gcp-sa-firebaseapphosting.iam.gserviceaccount.com"]},{"role":"roles/firebaseauth.admin","members":["serviceAccount:firebase-adminsdk-fbsvc@in-service-1d030.iam.gserviceaccount.com"]},{"role":"roles/firebaserules.system","members":["serviceAccount:service-113688836597@firebase-rules.iam.gserviceaccount.com"]},{"role":"roles/firebasestorage.serviceAgent","members":["serviceAccount:service-113688836597@gcp-sa-firebasestorage.iam.gserviceaccount.com"]},{"role":"roles/firestore.serviceAgent","members":["serviceAccount:service-113688836597@gcp-sa-firestore.iam.gserviceaccount.com"]},{"role":"roles/iam.serviceAccountTokenCreator","members":["serviceAccount:firebase-adminsdk-fbsvc@in-service-1d030.iam.gserviceaccount.com"]},{"role":"roles/owner","members":["user:tarekzeyad31@gmail.com"]},{"role":"roles/run.serviceAgent","members":["serviceAccount:service-113688836597@serverless-robot-prod.iam.gserviceaccount.com"]},{"role":"roles/storage.admin","members":["serviceAccount:firebase-adminsdk-fbsvc@in-service-1d030.iam.gserviceaccount.com"]},{"role":"roles/storage.objectViewer","members":["serviceAccount:firebase-app-hosting-compute@in-service-1d030.iam.gserviceaccount.com"]}]}
[info] i  This command links your local project to Firebase App Hosting. You will be able to deploy your web app with `firebase deploy` after setup. 
[info] i  === Set up your backend 
[debug] [2025-10-24T18:49:47.147Z] Checked if tokens are valid: true, expires at: 1761335323909
[debug] [2025-10-24T18:49:47.148Z] Checked if tokens are valid: true, expires at: 1761335323909
[debug] [2025-10-24T18:49:47.148Z] >>> [apiv2][query] GET https://firebaseapphosting.googleapis.com/v1beta/projects/in-service-1d030/locations 
[debug] [2025-10-24T18:49:48.896Z] <<< [apiv2][status] GET https://firebaseapphosting.googleapis.com/v1beta/projects/in-service-1d030/locations 200
[debug] [2025-10-24T18:49:48.897Z] <<< [apiv2][body] GET https://firebaseapphosting.googleapis.com/v1beta/projects/in-service-1d030/locations {"locations":[{"name":"projects/in-service-1d030/locations/asia-east1","locationId":"asia-east1","displayName":"Taiwan"},{"name":"projects/in-service-1d030/locations/asia-southeast1","locationId":"asia-southeast1","displayName":"Singapore"},{"name":"projects/in-service-1d030/locations/europe-west4","locationId":"europe-west4","displayName":"Netherlands"},{"name":"projects/in-service-1d030/locations/us-central1","locationId":"us-central1","displayName":"Iowa"},{"name":"projects/in-service-1d030/locations/us-east4","locationId":"us-east4","displayName":"Northern Virginia"},{"name":"projects/in-service-1d030/locations/us-east5","locationId":"us-east5","displayName":"Columbus"}]}
[debug] [2025-10-24T18:49:54.109Z] ExitPromptError: User force closed the prompt with SIGINT
    at Interface.sigint (/home/tarek/.cache/firebase/tools/lib/node_modules/@inquirer/core/dist/commonjs/lib/create-prompt.js:101:37)
    at Interface.emit (node:events:518:28)
    at Interface.emit (node:domain:489:12)
    at [_ttyWrite] [as _ttyWrite] (node:internal/readline/interface:1125:18)
    at ReadStream.onkeypress (node:internal/readline/interface:264:20)
    at ReadStream.emit (node:events:530:35)
    at ReadStream.emit (node:domain:489:12)
    at emitKeys (node:internal/readline/utils:371:14)
    at emitKeys.next (<anonymous>)
    at ReadStream.onData (node:internal/readline/emitKeypressEvents:64:36)
[error] 
[error] Error: An unexpected error has occurred.
